/Users/mi/Library/Java/JavaVirtualMachines/openjdk-18.0.1/Contents/Home/bin/java   -Xms512m -Xmx512m -Xmn256m -Dnacos.standalone=true -Dnacos.member.list= -Xlog:gc*:file=/Users/mi/Downloads/RuoYi-Cloud-master/nacos/logs/nacos_gc.log:time,tags:filecount=10,filesize=102400 -Dloader.path=/Users/mi/Downloads/RuoYi-Cloud-master/nacos/plugins/health,/Users/mi/Downloads/RuoYi-Cloud-master/nacos/plugins/cmdb,/Users/mi/Downloads/RuoYi-Cloud-master/nacos/plugins/selector -Dnacos.home=/Users/mi/Downloads/RuoYi-Cloud-master/nacos -jar /Users/mi/Downloads/RuoYi-Cloud-master/nacos/target/nacos-server.jar  --spring.config.additional-location=file:/Users/mi/Downloads/RuoYi-Cloud-master/nacos/conf/ --logging.config=/Users/mi/Downloads/RuoYi-Cloud-master/nacos/conf/nacos-logback.xml --server.max-http-header-size=524288

         ,--.
       ,--.'|
   ,--,:  : |                                           Nacos 2.1.1
,`--.'`|  ' :                       ,---.               Running in stand alone mode, All function modules
|   :  :  | |                      '   ,'\   .--.--.    Port: 8848
:   |   \ | :  ,--.--.     ,---.  /   /   | /  /    '   Pid: 1264
|   : '  '; | /       \   /     \.   ; ,. :|  :  /`./   Console: http://192.168.0.3:8848/nacos/index.html
'   ' ;.    ;.--.  .-. | /    / ''   | |: :|  :  ;_
|   | | \   | \__\/: . ..    ' / '   | .; : \  \    `.      https://nacos.io
'   : |  ; .' ," .--.; |'   ; :__|   :    |  `----.   \
|   | '`--'  /  /  ,.  |'   | '.'|\   \  /  /  /`--'  /
'   : |     ;  :   .'   \   :    : `----'  '--'.     /
;   |.'     |  ,     .-./\   \  /            `--'---'
'---'        `--`---'     `----'

2022-09-15 07:33:18,487 INFO Tomcat initialized with port(s): 8848 (http)

2022-09-15 07:33:18,790 INFO Root WebApplicationContext: initialization completed in 12868 ms

2022-09-15 07:33:48,633 INFO Adding welcome page: class path resource [static/index.html]

2022-09-15 07:33:50,718 WARN You are asking Spring Security to ignore Ant [pattern='/**']. This is not recommended -- please use permitAll via HttpSecurity#authorizeHttpRequests instead.

2022-09-15 07:33:50,719 INFO Will not secure Ant [pattern='/**']

2022-09-15 07:33:51,091 INFO Will secure any request with [org.springframework.security.web.context.request.async.WebAsyncManagerIntegrationFilter@2ddb3ae8, org.springframework.security.web.context.SecurityContextPersistenceFilter@6a12c7a8, org.springframework.security.web.header.HeaderWriterFilter@11f9535b, org.springframework.security.web.csrf.CsrfFilter@69f0b0f4, org.springframework.security.web.authentication.logout.LogoutFilter@3481ff98, org.springframework.security.web.savedrequest.RequestCacheAwareFilter@436bd4df, org.springframework.security.web.servletapi.SecurityContextHolderAwareRequestFilter@5740ff5e, org.springframework.security.web.authentication.AnonymousAuthenticationFilter@79518e00, org.springframework.security.web.session.SessionManagementFilter@76b47204, org.springframework.security.web.access.ExceptionTranslationFilter@51c8f62c]

2022-09-15 07:33:51,199 INFO Exposing 1 endpoint(s) beneath base path '/actuator'

2022-09-15 07:33:51,578 INFO Tomcat started on port(s): 8848 (http) with context path '/nacos'

2022-09-15 07:33:51,737 INFO Nacos started successfully in stand alone mode. use external storage

2022-09-15 07:33:53,830 INFO Initializing Servlet 'dispatcherServlet'

2022-09-15 07:33:53,846 INFO Completed initialization in 16 ms

2022-09-15 07:35:50,180 WARN There are no [com.alibaba.nacos.common.trace.event.naming.SubscribeServiceTraceEvent] publishers for this event, please register

2022-09-15 07:35:50,368 WARN There are no [com.alibaba.nacos.common.trace.event.naming.RegisterInstanceTraceEvent] publishers for this event, please register

2022-09-15 07:35:50,872 WARN There are no [com.alibaba.nacos.common.trace.event.naming.PushServiceTraceEvent] publishers for this event, please register

2022-09-15 07:42:14,379 WARN There are no [com.alibaba.nacos.common.trace.event.naming.SubscribeServiceTraceEvent] publishers for this event, please register

2022-09-15 07:42:14,709 WARN There are no [com.alibaba.nacos.common.trace.event.naming.SubscribeServiceTraceEvent] publishers for this event, please register

2022-09-15 07:42:14,709 WARN There are no [com.alibaba.nacos.common.trace.event.naming.SubscribeServiceTraceEvent] publishers for this event, please register

2022-09-15 07:42:14,767 WARN There are no [com.alibaba.nacos.common.trace.event.naming.RegisterInstanceTraceEvent] publishers for this event, please register

2022-09-15 07:42:14,787 WARN There are no [com.alibaba.nacos.common.trace.event.naming.SubscribeServiceTraceEvent] publishers for this event, please register

2022-09-15 07:42:15,004 WARN There are no [com.alibaba.nacos.common.trace.event.naming.PushServiceTraceEvent] publishers for this event, please register

2022-09-15 07:42:15,268 WARN There are no [com.alibaba.nacos.common.trace.event.naming.PushServiceTraceEvent] publishers for this event, please register

2022-09-15 07:44:26,084 WARN There are no [com.alibaba.nacos.common.trace.event.naming.SubscribeServiceTraceEvent] publishers for this event, please register

2022-09-15 07:44:26,304 WARN There are no [com.alibaba.nacos.common.trace.event.naming.RegisterInstanceTraceEvent] publishers for this event, please register

2022-09-15 07:44:26,666 WARN There are no [com.alibaba.nacos.common.trace.event.naming.PushServiceTraceEvent] publishers for this event, please register

2022-09-15 07:44:43,988 WARN There are no [com.alibaba.nacos.common.trace.event.naming.SubscribeServiceTraceEvent] publishers for this event, please register

2022-09-15 07:44:44,120 WARN There are no [com.alibaba.nacos.common.trace.event.naming.RegisterInstanceTraceEvent] publishers for this event, please register

2022-09-15 07:44:44,631 WARN There are no [com.alibaba.nacos.common.trace.event.naming.PushServiceTraceEvent] publishers for this event, please register

2022-09-15 07:44:45,037 WARN There are no [com.alibaba.nacos.common.trace.event.naming.SubscribeServiceTraceEvent] publishers for this event, please register

2022-09-15 07:44:45,041 WARN There are no [com.alibaba.nacos.common.trace.event.naming.SubscribeServiceTraceEvent] publishers for this event, please register

2022-09-15 07:44:45,041 WARN There are no [com.alibaba.nacos.common.trace.event.naming.SubscribeServiceTraceEvent] publishers for this event, please register

2022-09-15 07:44:45,041 WARN There are no [com.alibaba.nacos.common.trace.event.naming.SubscribeServiceTraceEvent] publishers for this event, please register

2022-09-15 07:44:45,617 WARN There are no [com.alibaba.nacos.common.trace.event.naming.PushServiceTraceEvent] publishers for this event, please register

2022-09-15 07:44:45,622 WARN There are no [com.alibaba.nacos.common.trace.event.naming.PushServiceTraceEvent] publishers for this event, please register

2022-09-15 07:46:57,509 WARN There are no [com.alibaba.nacos.common.trace.event.naming.SubscribeServiceTraceEvent] publishers for this event, please register

2022-09-15 07:46:57,641 WARN There are no [com.alibaba.nacos.common.trace.event.naming.RegisterInstanceTraceEvent] publishers for this event, please register

2022-09-15 07:46:58,110 WARN There are no [com.alibaba.nacos.common.trace.event.naming.PushServiceTraceEvent] publishers for this event, please register

2022-09-15 07:47:15,114 WARN There are no [com.alibaba.nacos.common.trace.event.naming.SubscribeServiceTraceEvent] publishers for this event, please register

2022-09-15 07:47:15,114 WARN There are no [com.alibaba.nacos.common.trace.event.naming.SubscribeServiceTraceEvent] publishers for this event, please register

2022-09-15 07:47:15,700 WARN There are no [com.alibaba.nacos.common.trace.event.naming.PushServiceTraceEvent] publishers for this event, please register

2022-09-15 07:47:57,667 WARN There are no [com.alibaba.nacos.common.trace.event.naming.SubscribeServiceTraceEvent] publishers for this event, please register

2022-09-15 07:47:58,223 WARN There are no [com.alibaba.nacos.common.trace.event.naming.PushServiceTraceEvent] publishers for this event, please register

2022-09-15 07:50:13,679 WARN There are no [com.alibaba.nacos.common.trace.event.naming.UnsubscribeServiceTraceEvent] publishers for this event, please register

2022-09-15 07:50:13,827 WARN There are no [com.alibaba.nacos.common.trace.event.naming.DeregisterInstanceTraceEvent] publishers for this event, please register

2022-09-15 07:50:14,366 WARN There are no [com.alibaba.nacos.common.trace.event.naming.PushServiceTraceEvent] publishers for this event, please register

2022-09-15 07:50:54,601 WARN There are no [com.alibaba.nacos.common.trace.event.naming.SubscribeServiceTraceEvent] publishers for this event, please register

2022-09-15 07:50:54,735 WARN There are no [com.alibaba.nacos.common.trace.event.naming.RegisterInstanceTraceEvent] publishers for this event, please register

2022-09-15 07:50:55,158 WARN There are no [com.alibaba.nacos.common.trace.event.naming.PushServiceTraceEvent] publishers for this event, please register

2022-09-15 07:50:55,228 WARN There are no [com.alibaba.nacos.common.trace.event.naming.PushServiceTraceEvent] publishers for this event, please register

2022-09-15 07:53:13,525 WARN There are no [com.alibaba.nacos.common.trace.event.naming.SubscribeServiceTraceEvent] publishers for this event, please register

2022-09-15 07:53:14,112 WARN There are no [com.alibaba.nacos.common.trace.event.naming.PushServiceTraceEvent] publishers for this event, please register

2022-09-15 07:53:14,670 WARN There are no [com.alibaba.nacos.common.trace.event.naming.SubscribeServiceTraceEvent] publishers for this event, please register

2022-09-15 07:53:15,295 WARN There are no [com.alibaba.nacos.common.trace.event.naming.PushServiceTraceEvent] publishers for this event, please register

2022-09-15 07:55:28,799 WARN There are no [com.alibaba.nacos.common.trace.event.naming.SubscribeServiceTraceEvent] publishers for this event, please register

2022-09-15 07:55:29,369 WARN There are no [com.alibaba.nacos.common.trace.event.naming.PushServiceTraceEvent] publishers for this event, please register

2022-09-15 07:55:29,860 WARN There are no [com.alibaba.nacos.common.trace.event.naming.SubscribeServiceTraceEvent] publishers for this event, please register

2022-09-15 07:55:30,379 WARN There are no [com.alibaba.nacos.common.trace.event.naming.PushServiceTraceEvent] publishers for this event, please register

2022-09-15 08:16:20,939 WARN There are no [com.alibaba.nacos.common.trace.event.naming.UnsubscribeServiceTraceEvent] publishers for this event, please register

2022-09-15 08:16:21,009 WARN There are no [com.alibaba.nacos.common.trace.event.naming.DeregisterInstanceTraceEvent] publishers for this event, please register

2022-09-15 08:16:21,580 WARN There are no [com.alibaba.nacos.common.trace.event.naming.PushServiceTraceEvent] publishers for this event, please register

2022-09-15 08:17:00,905 WARN There are no [com.alibaba.nacos.common.trace.event.naming.SubscribeServiceTraceEvent] publishers for this event, please register

2022-09-15 08:17:01,048 WARN There are no [com.alibaba.nacos.common.trace.event.naming.RegisterInstanceTraceEvent] publishers for this event, please register

2022-09-15 08:17:01,488 WARN There are no [com.alibaba.nacos.common.trace.event.naming.PushServiceTraceEvent] publishers for this event, please register

2022-09-15 08:17:01,542 WARN There are no [com.alibaba.nacos.common.trace.event.naming.PushServiceTraceEvent] publishers for this event, please register

2022-09-15 08:17:34,733 WARN There are no [com.alibaba.nacos.common.trace.event.naming.SubscribeServiceTraceEvent] publishers for this event, please register

2022-09-15 08:17:35,300 WARN There are no [com.alibaba.nacos.common.trace.event.naming.PushServiceTraceEvent] publishers for this event, please register

2022-09-15 08:17:35,563 WARN There are no [com.alibaba.nacos.common.trace.event.naming.SubscribeServiceTraceEvent] publishers for this event, please register

2022-09-15 08:17:36,101 WARN There are no [com.alibaba.nacos.common.trace.event.naming.PushServiceTraceEvent] publishers for this event, please register

2022-09-15 08:19:26,060 WARN There are no [com.alibaba.nacos.common.trace.event.naming.DeregisterInstanceTraceEvent] publishers for this event, please register

2022-09-15 08:19:26,606 WARN There are no [com.alibaba.nacos.common.trace.event.naming.PushServiceTraceEvent] publishers for this event, please register

2022-09-15 08:21:36,547 WARN There are no [com.alibaba.nacos.common.trace.event.naming.UnsubscribeServiceTraceEvent] publishers for this event, please register

2022-09-15 08:21:36,571 WARN There are no [com.alibaba.nacos.common.trace.event.naming.DeregisterInstanceTraceEvent] publishers for this event, please register

2022-09-15 08:22:16,525 WARN There are no [com.alibaba.nacos.common.trace.event.naming.SubscribeServiceTraceEvent] publishers for this event, please register

2022-09-15 08:22:16,676 WARN There are no [com.alibaba.nacos.common.trace.event.naming.RegisterInstanceTraceEvent] publishers for this event, please register

2022-09-15 08:22:17,146 WARN There are no [com.alibaba.nacos.common.trace.event.naming.PushServiceTraceEvent] publishers for this event, please register

2022-09-15 08:22:17,177 WARN There are no [com.alibaba.nacos.common.trace.event.naming.PushServiceTraceEvent] publishers for this event, please register

2022-09-15 08:24:10,190 WARN There are no [com.alibaba.nacos.common.trace.event.naming.SubscribeServiceTraceEvent] publishers for this event, please register

2022-09-15 08:24:10,759 WARN There are no [com.alibaba.nacos.common.trace.event.naming.PushServiceTraceEvent] publishers for this event, please register

2022-09-15 08:24:10,785 WARN There are no [com.alibaba.nacos.common.trace.event.naming.SubscribeServiceTraceEvent] publishers for this event, please register

2022-09-15 08:24:11,365 WARN There are no [com.alibaba.nacos.common.trace.event.naming.PushServiceTraceEvent] publishers for this event, please register

2022-09-15 08:25:40,568 WARN There are no [com.alibaba.nacos.common.trace.event.naming.DeregisterInstanceTraceEvent] publishers for this event, please register

2022-09-15 08:25:41,189 WARN There are no [com.alibaba.nacos.common.trace.event.naming.PushServiceTraceEvent] publishers for this event, please register

2022-09-15 08:34:24,913 WARN There are no [com.alibaba.nacos.common.trace.event.naming.UnsubscribeServiceTraceEvent] publishers for this event, please register

2022-09-15 08:34:24,936 WARN There are no [com.alibaba.nacos.common.trace.event.naming.DeregisterInstanceTraceEvent] publishers for this event, please register

2022-09-15 08:35:03,724 WARN There are no [com.alibaba.nacos.common.trace.event.naming.SubscribeServiceTraceEvent] publishers for this event, please register

2022-09-15 08:35:03,851 WARN There are no [com.alibaba.nacos.common.trace.event.naming.RegisterInstanceTraceEvent] publishers for this event, please register

2022-09-15 08:35:04,294 WARN There are no [com.alibaba.nacos.common.trace.event.naming.PushServiceTraceEvent] publishers for this event, please register

2022-09-15 08:35:04,355 WARN There are no [com.alibaba.nacos.common.trace.event.naming.PushServiceTraceEvent] publishers for this event, please register

2022-09-15 08:35:59,073 WARN There are no [com.alibaba.nacos.common.trace.event.naming.SubscribeServiceTraceEvent] publishers for this event, please register

2022-09-15 08:35:59,598 WARN There are no [com.alibaba.nacos.common.trace.event.naming.PushServiceTraceEvent] publishers for this event, please register

2022-09-15 08:35:59,842 WARN There are no [com.alibaba.nacos.common.trace.event.naming.SubscribeServiceTraceEvent] publishers for this event, please register

2022-09-15 08:36:00,414 WARN There are no [com.alibaba.nacos.common.trace.event.naming.PushServiceTraceEvent] publishers for this event, please register

2022-09-15 08:38:21,539 WARN There are no [com.alibaba.nacos.common.trace.event.naming.DeregisterInstanceTraceEvent] publishers for this event, please register

2022-09-15 08:38:22,130 WARN There are no [com.alibaba.nacos.common.trace.event.naming.PushServiceTraceEvent] publishers for this event, please register

2022-09-15 09:27:29,807 WARN There are no [com.alibaba.nacos.common.trace.event.naming.UnsubscribeServiceTraceEvent] publishers for this event, please register

2022-09-15 09:27:29,864 WARN There are no [com.alibaba.nacos.common.trace.event.naming.DeregisterInstanceTraceEvent] publishers for this event, please register

2022-09-15 09:30:29,174 WARN There are no [com.alibaba.nacos.common.trace.event.naming.SubscribeServiceTraceEvent] publishers for this event, please register

2022-09-15 09:30:29,318 WARN There are no [com.alibaba.nacos.common.trace.event.naming.RegisterInstanceTraceEvent] publishers for this event, please register

2022-09-15 09:30:29,883 WARN There are no [com.alibaba.nacos.common.trace.event.naming.PushServiceTraceEvent] publishers for this event, please register

2022-09-15 09:30:29,892 WARN There are no [com.alibaba.nacos.common.trace.event.naming.PushServiceTraceEvent] publishers for this event, please register

2022-09-15 09:31:13,939 WARN There are no [com.alibaba.nacos.common.trace.event.naming.SubscribeServiceTraceEvent] publishers for this event, please register

2022-09-15 09:31:14,483 WARN There are no [com.alibaba.nacos.common.trace.event.naming.PushServiceTraceEvent] publishers for this event, please register

2022-09-15 09:31:14,649 WARN There are no [com.alibaba.nacos.common.trace.event.naming.SubscribeServiceTraceEvent] publishers for this event, please register

2022-09-15 09:31:15,189 WARN There are no [com.alibaba.nacos.common.trace.event.naming.PushServiceTraceEvent] publishers for this event, please register

2022-09-15 10:14:46,278 WARN There are no [com.alibaba.nacos.common.trace.event.naming.DeregisterInstanceTraceEvent] publishers for this event, please register

2022-09-15 10:14:46,299 WARN There are no [com.alibaba.nacos.common.trace.event.naming.DeregisterInstanceTraceEvent] publishers for this event, please register

2022-09-15 10:14:46,309 WARN There are no [com.alibaba.nacos.common.trace.event.naming.DeregisterInstanceTraceEvent] publishers for this event, please register

2022-09-15 10:14:46,310 WARN There are no [com.alibaba.nacos.common.trace.event.naming.DeregisterInstanceTraceEvent] publishers for this event, please register

2022-09-15 10:14:46,337 WARN There are no [com.alibaba.nacos.common.trace.event.naming.DeregisterInstanceTraceEvent] publishers for this event, please register

2022-09-15 10:14:48,021 WARN There are no [com.alibaba.nacos.common.trace.event.naming.RegisterInstanceTraceEvent] publishers for this event, please register

2022-09-15 10:14:48,024 WARN There are no [com.alibaba.nacos.common.trace.event.naming.RegisterInstanceTraceEvent] publishers for this event, please register

2022-09-15 10:14:48,033 WARN There are no [com.alibaba.nacos.common.trace.event.naming.RegisterInstanceTraceEvent] publishers for this event, please register

2022-09-15 10:14:48,038 WARN There are no [com.alibaba.nacos.common.trace.event.naming.SubscribeServiceTraceEvent] publishers for this event, please register

2022-09-15 10:14:48,038 WARN There are no [com.alibaba.nacos.common.trace.event.naming.SubscribeServiceTraceEvent] publishers for this event, please register

2022-09-15 10:14:48,043 WARN There are no [com.alibaba.nacos.common.trace.event.naming.RegisterInstanceTraceEvent] publishers for this event, please register

2022-09-15 10:14:48,049 WARN There are no [com.alibaba.nacos.common.trace.event.naming.SubscribeServiceTraceEvent] publishers for this event, please register

2022-09-15 10:14:48,051 WARN There are no [com.alibaba.nacos.common.trace.event.naming.SubscribeServiceTraceEvent] publishers for this event, please register

2022-09-15 10:14:48,052 WARN There are no [com.alibaba.nacos.common.trace.event.naming.SubscribeServiceTraceEvent] publishers for this event, please register

2022-09-15 10:14:48,054 WARN There are no [com.alibaba.nacos.common.trace.event.naming.SubscribeServiceTraceEvent] publishers for this event, please register

2022-09-15 10:14:48,061 WARN There are no [com.alibaba.nacos.common.trace.event.naming.SubscribeServiceTraceEvent] publishers for this event, please register

2022-09-15 10:14:48,064 WARN There are no [com.alibaba.nacos.common.trace.event.naming.SubscribeServiceTraceEvent] publishers for this event, please register

2022-09-15 10:14:48,067 WARN There are no [com.alibaba.nacos.common.trace.event.naming.SubscribeServiceTraceEvent] publishers for this event, please register

2022-09-15 10:14:48,069 WARN There are no [com.alibaba.nacos.common.trace.event.naming.SubscribeServiceTraceEvent] publishers for this event, please register

2022-09-15 10:14:48,080 WARN There are no [com.alibaba.nacos.common.trace.event.naming.SubscribeServiceTraceEvent] publishers for this event, please register

2022-09-15 10:14:48,081 WARN There are no [com.alibaba.nacos.common.trace.event.naming.SubscribeServiceTraceEvent] publishers for this event, please register

2022-09-15 10:14:48,090 WARN There are no [com.alibaba.nacos.common.trace.event.naming.SubscribeServiceTraceEvent] publishers for this event, please register

2022-09-15 10:14:48,100 WARN There are no [com.alibaba.nacos.common.trace.event.naming.SubscribeServiceTraceEvent] publishers for this event, please register

2022-09-15 10:14:48,534 WARN There are no [com.alibaba.nacos.common.trace.event.naming.PushServiceTraceEvent] publishers for this event, please register

2022-09-15 10:14:48,534 WARN There are no [com.alibaba.nacos.common.trace.event.naming.PushServiceTraceEvent] publishers for this event, please register

2022-09-15 10:14:48,634 WARN There are no [com.alibaba.nacos.common.trace.event.naming.PushServiceTraceEvent] publishers for this event, please register

2022-09-15 10:14:48,640 WARN There are no [com.alibaba.nacos.common.trace.event.naming.PushServiceTraceEvent] publishers for this event, please register

2022-09-15 10:14:48,852 WARN There are no [com.alibaba.nacos.common.trace.event.naming.RegisterInstanceTraceEvent] publishers for this event, please register

2022-09-15 10:14:48,861 WARN There are no [com.alibaba.nacos.common.trace.event.naming.PushServiceTraceEvent] publishers for this event, please register

2022-09-15 10:14:48,871 WARN There are no [com.alibaba.nacos.common.trace.event.naming.PushServiceTraceEvent] publishers for this event, please register

2022-09-15 10:14:48,871 WARN There are no [com.alibaba.nacos.common.trace.event.naming.PushServiceTraceEvent] publishers for this event, please register

2022-09-15 10:14:48,876 WARN There are no [com.alibaba.nacos.common.trace.event.naming.PushServiceTraceEvent] publishers for this event, please register

2022-09-15 10:14:48,879 WARN There are no [com.alibaba.nacos.common.trace.event.naming.PushServiceTraceEvent] publishers for this event, please register

2022-09-15 10:14:48,883 WARN There are no [com.alibaba.nacos.common.trace.event.naming.PushServiceTraceEvent] publishers for this event, please register

2022-09-15 10:14:48,888 WARN There are no [com.alibaba.nacos.common.trace.event.naming.SubscribeServiceTraceEvent] publishers for this event, please register

2022-09-15 10:14:48,897 WARN There are no [com.alibaba.nacos.common.trace.event.naming.PushServiceTraceEvent] publishers for this event, please register

2022-09-15 10:14:48,900 WARN There are no [com.alibaba.nacos.common.trace.event.naming.PushServiceTraceEvent] publishers for this event, please register

2022-09-15 10:14:48,922 WARN There are no [com.alibaba.nacos.common.trace.event.naming.PushServiceTraceEvent] publishers for this event, please register

2022-09-15 10:14:49,473 WARN There are no [com.alibaba.nacos.common.trace.event.naming.PushServiceTraceEvent] publishers for this event, please register

2022-09-15 10:14:49,473 WARN There are no [com.alibaba.nacos.common.trace.event.naming.PushServiceTraceEvent] publishers for this event, please register

2022-09-15 10:14:49,477 WARN There are no [com.alibaba.nacos.common.trace.event.naming.PushServiceTraceEvent] publishers for this event, please register

2022-09-15 10:14:49,478 WARN There are no [com.alibaba.nacos.common.trace.event.naming.PushServiceTraceEvent] publishers for this event, please register

2022-09-15 10:14:49,480 WARN There are no [com.alibaba.nacos.common.trace.event.naming.PushServiceTraceEvent] publishers for this event, please register

2022-09-16 05:16:47,743 WARN There are no [com.alibaba.nacos.common.trace.event.naming.DeregisterInstanceTraceEvent] publishers for this event, please register

2022-09-16 05:16:48,301 WARN There are no [com.alibaba.nacos.common.trace.event.naming.PushServiceTraceEvent] publishers for this event, please register

2022-09-16 05:16:57,009 WARN There are no [com.alibaba.nacos.common.trace.event.naming.RegisterInstanceTraceEvent] publishers for this event, please register

2022-09-16 05:16:57,126 WARN There are no [com.alibaba.nacos.common.trace.event.naming.DeregisterInstanceTraceEvent] publishers for this event, please register

2022-09-16 05:16:57,524 WARN There are no [com.alibaba.nacos.common.trace.event.naming.PushServiceTraceEvent] publishers for this event, please register

2022-09-16 05:17:00,013 WARN There are no [com.alibaba.nacos.common.trace.event.naming.RegisterInstanceTraceEvent] publishers for this event, please register

2022-09-16 05:17:00,023 WARN There are no [com.alibaba.nacos.common.trace.event.naming.SubscribeServiceTraceEvent] publishers for this event, please register

2022-09-16 05:17:00,026 WARN There are no [com.alibaba.nacos.common.trace.event.naming.SubscribeServiceTraceEvent] publishers for this event, please register

2022-09-16 05:17:00,028 WARN There are no [com.alibaba.nacos.common.trace.event.naming.SubscribeServiceTraceEvent] publishers for this event, please register

2022-09-16 05:17:00,581 WARN There are no [com.alibaba.nacos.common.trace.event.naming.PushServiceTraceEvent] publishers for this event, please register

2022-09-16 05:17:00,594 WARN There are no [com.alibaba.nacos.common.trace.event.naming.PushServiceTraceEvent] publishers for this event, please register

2022-09-16 05:17:00,603 WARN There are no [com.alibaba.nacos.common.trace.event.naming.PushServiceTraceEvent] publishers for this event, please register

2022-09-16 05:17:00,610 WARN There are no [com.alibaba.nacos.common.trace.event.naming.PushServiceTraceEvent] publishers for this event, please register

2022-09-16 05:17:18,001 WARN There are no [com.alibaba.nacos.common.trace.event.naming.UnsubscribeServiceTraceEvent] publishers for this event, please register

2022-09-16 05:17:18,203 WARN There are no [com.alibaba.nacos.common.trace.event.naming.DeregisterInstanceTraceEvent] publishers for this event, please register

2022-09-16 05:17:18,842 WARN There are no [com.alibaba.nacos.common.trace.event.naming.PushServiceTraceEvent] publishers for this event, please register

2022-09-16 05:18:02,597 WARN There are no [com.alibaba.nacos.common.trace.event.naming.SubscribeServiceTraceEvent] publishers for this event, please register

2022-09-16 05:18:02,722 WARN There are no [com.alibaba.nacos.common.trace.event.naming.RegisterInstanceTraceEvent] publishers for this event, please register

2022-09-16 05:18:03,173 WARN There are no [com.alibaba.nacos.common.trace.event.naming.PushServiceTraceEvent] publishers for this event, please register

2022-09-16 05:18:03,212 WARN There are no [com.alibaba.nacos.common.trace.event.naming.PushServiceTraceEvent] publishers for this event, please register

2022-09-16 05:19:56,212 WARN There are no [com.alibaba.nacos.common.trace.event.naming.SubscribeServiceTraceEvent] publishers for this event, please register

2022-09-16 05:19:56,863 WARN There are no [com.alibaba.nacos.common.trace.event.naming.PushServiceTraceEvent] publishers for this event, please register

2022-09-16 05:19:56,886 WARN There are no [com.alibaba.nacos.common.trace.event.naming.SubscribeServiceTraceEvent] publishers for this event, please register

2022-09-16 05:19:57,440 WARN There are no [com.alibaba.nacos.common.trace.event.naming.PushServiceTraceEvent] publishers for this event, please register

2022-09-16 05:29:07,806 WARN There are no [com.alibaba.nacos.common.trace.event.naming.UnsubscribeServiceTraceEvent] publishers for this event, please register

2022-09-16 05:29:07,830 WARN There are no [com.alibaba.nacos.common.trace.event.naming.DeregisterInstanceTraceEvent] publishers for this event, please register

2022-09-16 05:29:08,483 WARN There are no [com.alibaba.nacos.common.trace.event.naming.PushServiceTraceEvent] publishers for this event, please register

2022-09-16 05:29:43,959 WARN There are no [com.alibaba.nacos.common.trace.event.naming.SubscribeServiceTraceEvent] publishers for this event, please register

2022-09-16 05:29:43,991 WARN There are no [com.alibaba.nacos.common.trace.event.naming.SubscribeServiceTraceEvent] publishers for this event, please register

2022-09-16 05:29:44,134 WARN There are no [com.alibaba.nacos.common.trace.event.naming.RegisterInstanceTraceEvent] publishers for this event, please register

2022-09-16 05:29:44,493 WARN There are no [com.alibaba.nacos.common.trace.event.naming.PushServiceTraceEvent] publishers for this event, please register

2022-09-16 05:29:44,564 WARN There are no [com.alibaba.nacos.common.trace.event.naming.PushServiceTraceEvent] publishers for this event, please register

2022-09-16 05:30:29,405 WARN There are no [com.alibaba.nacos.common.trace.event.naming.SubscribeServiceTraceEvent] publishers for this event, please register

2022-09-16 05:30:29,964 WARN There are no [com.alibaba.nacos.common.trace.event.naming.PushServiceTraceEvent] publishers for this event, please register

2022-09-16 05:30:30,138 WARN There are no [com.alibaba.nacos.common.trace.event.naming.SubscribeServiceTraceEvent] publishers for this event, please register

2022-09-16 05:30:30,674 WARN There are no [com.alibaba.nacos.common.trace.event.naming.PushServiceTraceEvent] publishers for this event, please register

2022-09-16 05:36:05,364 WARN There are no [com.alibaba.nacos.common.trace.event.naming.DeregisterInstanceTraceEvent] publishers for this event, please register

2022-09-16 05:36:06,003 WARN There are no [com.alibaba.nacos.common.trace.event.naming.PushServiceTraceEvent] publishers for this event, please register

2022-09-16 05:39:25,540 WARN There are no [com.alibaba.nacos.common.trace.event.naming.UnsubscribeServiceTraceEvent] publishers for this event, please register

2022-09-16 05:39:25,574 WARN There are no [com.alibaba.nacos.common.trace.event.naming.DeregisterInstanceTraceEvent] publishers for this event, please register

2022-09-16 05:40:18,609 WARN There are no [com.alibaba.nacos.common.trace.event.naming.SubscribeServiceTraceEvent] publishers for this event, please register

2022-09-16 05:40:18,792 WARN There are no [com.alibaba.nacos.common.trace.event.naming.RegisterInstanceTraceEvent] publishers for this event, please register

2022-09-16 05:40:19,178 WARN There are no [com.alibaba.nacos.common.trace.event.naming.PushServiceTraceEvent] publishers for this event, please register

2022-09-16 05:40:19,241 WARN There are no [com.alibaba.nacos.common.trace.event.naming.PushServiceTraceEvent] publishers for this event, please register

2022-09-16 05:41:29,196 WARN There are no [com.alibaba.nacos.common.trace.event.naming.SubscribeServiceTraceEvent] publishers for this event, please register

2022-09-16 05:41:29,809 WARN There are no [com.alibaba.nacos.common.trace.event.naming.PushServiceTraceEvent] publishers for this event, please register

2022-09-16 05:41:29,842 WARN There are no [com.alibaba.nacos.common.trace.event.naming.SubscribeServiceTraceEvent] publishers for this event, please register

2022-09-16 05:41:30,383 WARN There are no [com.alibaba.nacos.common.trace.event.naming.PushServiceTraceEvent] publishers for this event, please register

2022-09-16 05:42:37,839 WARN There are no [com.alibaba.nacos.common.trace.event.naming.DeregisterInstanceTraceEvent] publishers for this event, please register

2022-09-16 05:42:38,414 WARN There are no [com.alibaba.nacos.common.trace.event.naming.PushServiceTraceEvent] publishers for this event, please register

2022-09-16 05:47:50,128 WARN There are no [com.alibaba.nacos.common.trace.event.naming.UnsubscribeServiceTraceEvent] publishers for this event, please register

2022-09-16 05:47:50,189 WARN There are no [com.alibaba.nacos.common.trace.event.naming.DeregisterInstanceTraceEvent] publishers for this event, please register

2022-09-16 05:48:35,473 WARN There are no [com.alibaba.nacos.common.trace.event.naming.SubscribeServiceTraceEvent] publishers for this event, please register

2022-09-16 05:48:35,715 WARN There are no [com.alibaba.nacos.common.trace.event.naming.RegisterInstanceTraceEvent] publishers for this event, please register

2022-09-16 05:48:36,061 WARN There are no [com.alibaba.nacos.common.trace.event.naming.PushServiceTraceEvent] publishers for this event, please register

2022-09-16 05:48:36,124 WARN There are no [com.alibaba.nacos.common.trace.event.naming.PushServiceTraceEvent] publishers for this event, please register

2022-09-16 05:49:14,216 WARN There are no [com.alibaba.nacos.common.trace.event.naming.SubscribeServiceTraceEvent] publishers for this event, please register

2022-09-16 05:49:14,786 WARN There are no [com.alibaba.nacos.common.trace.event.naming.PushServiceTraceEvent] publishers for this event, please register

2022-09-16 05:49:15,018 WARN There are no [com.alibaba.nacos.common.trace.event.naming.SubscribeServiceTraceEvent] publishers for this event, please register

2022-09-16 05:49:15,596 WARN There are no [com.alibaba.nacos.common.trace.event.naming.PushServiceTraceEvent] publishers for this event, please register

2022-09-16 05:50:45,097 WARN There are no [com.alibaba.nacos.common.trace.event.naming.DeregisterInstanceTraceEvent] publishers for this event, please register

2022-09-16 05:50:45,659 WARN There are no [com.alibaba.nacos.common.trace.event.naming.PushServiceTraceEvent] publishers for this event, please register

2022-09-16 05:54:35,847 WARN There are no [com.alibaba.nacos.common.trace.event.naming.SubscribeServiceTraceEvent] publishers for this event, please register

2022-09-16 05:54:35,857 WARN There are no [com.alibaba.nacos.common.trace.event.naming.SubscribeServiceTraceEvent] publishers for this event, please register

2022-09-16 05:54:35,862 WARN There are no [com.alibaba.nacos.common.trace.event.naming.SubscribeServiceTraceEvent] publishers for this event, please register

2022-09-16 05:54:35,871 WARN There are no [com.alibaba.nacos.common.trace.event.naming.UnsubscribeServiceTraceEvent] publishers for this event, please register

2022-09-16 05:54:35,889 WARN There are no [com.alibaba.nacos.common.trace.event.naming.DeregisterInstanceTraceEvent] publishers for this event, please register

2022-09-16 05:55:08,212 WARN There are no [com.alibaba.nacos.common.trace.event.naming.SubscribeServiceTraceEvent] publishers for this event, please register

2022-09-16 05:55:08,316 WARN There are no [com.alibaba.nacos.common.trace.event.naming.RegisterInstanceTraceEvent] publishers for this event, please register

2022-09-16 05:55:08,729 WARN There are no [com.alibaba.nacos.common.trace.event.naming.PushServiceTraceEvent] publishers for this event, please register

2022-09-16 05:55:08,778 WARN There are no [com.alibaba.nacos.common.trace.event.naming.PushServiceTraceEvent] publishers for this event, please register

2022-09-16 05:56:30,127 WARN There are no [com.alibaba.nacos.common.trace.event.naming.SubscribeServiceTraceEvent] publishers for this event, please register

2022-09-16 05:56:30,679 WARN There are no [com.alibaba.nacos.common.trace.event.naming.PushServiceTraceEvent] publishers for this event, please register

2022-09-16 05:56:30,931 WARN There are no [com.alibaba.nacos.common.trace.event.naming.SubscribeServiceTraceEvent] publishers for this event, please register

2022-09-16 05:56:31,492 WARN There are no [com.alibaba.nacos.common.trace.event.naming.PushServiceTraceEvent] publishers for this event, please register

2022-09-16 06:00:46,302 WARN There are no [com.alibaba.nacos.common.trace.event.naming.UnsubscribeServiceTraceEvent] publishers for this event, please register

2022-09-16 06:00:46,337 WARN There are no [com.alibaba.nacos.common.trace.event.naming.DeregisterInstanceTraceEvent] publishers for this event, please register

2022-09-16 06:00:46,954 WARN There are no [com.alibaba.nacos.common.trace.event.naming.PushServiceTraceEvent] publishers for this event, please register

2022-09-16 06:01:19,655 WARN There are no [com.alibaba.nacos.common.trace.event.naming.SubscribeServiceTraceEvent] publishers for this event, please register

2022-09-16 06:01:19,777 WARN There are no [com.alibaba.nacos.common.trace.event.naming.RegisterInstanceTraceEvent] publishers for this event, please register

2022-09-16 06:01:20,189 WARN There are no [com.alibaba.nacos.common.trace.event.naming.PushServiceTraceEvent] publishers for this event, please register

2022-09-16 06:01:20,268 WARN There are no [com.alibaba.nacos.common.trace.event.naming.PushServiceTraceEvent] publishers for this event, please register

2022-09-16 06:02:06,333 WARN There are no [com.alibaba.nacos.common.trace.event.naming.SubscribeServiceTraceEvent] publishers for this event, please register

2022-09-16 06:02:06,936 WARN There are no [com.alibaba.nacos.common.trace.event.naming.SubscribeServiceTraceEvent] publishers for this event, please register

2022-09-16 06:02:06,958 WARN There are no [com.alibaba.nacos.common.trace.event.naming.PushServiceTraceEvent] publishers for this event, please register

2022-09-16 06:02:07,541 WARN There are no [com.alibaba.nacos.common.trace.event.naming.PushServiceTraceEvent] publishers for this event, please register

2022-09-16 06:05:44,768 WARN There are no [com.alibaba.nacos.common.trace.event.naming.UnsubscribeServiceTraceEvent] publishers for this event, please register

2022-09-16 06:05:44,797 WARN There are no [com.alibaba.nacos.common.trace.event.naming.DeregisterInstanceTraceEvent] publishers for this event, please register

2022-09-16 06:05:45,421 WARN There are no [com.alibaba.nacos.common.trace.event.naming.PushServiceTraceEvent] publishers for this event, please register

2022-09-16 06:06:14,984 WARN There are no [com.alibaba.nacos.common.trace.event.naming.SubscribeServiceTraceEvent] publishers for this event, please register

2022-09-16 06:06:15,103 WARN There are no [com.alibaba.nacos.common.trace.event.naming.RegisterInstanceTraceEvent] publishers for this event, please register

2022-09-16 06:06:15,591 WARN There are no [com.alibaba.nacos.common.trace.event.naming.PushServiceTraceEvent] publishers for this event, please register

2022-09-16 06:06:15,661 WARN There are no [com.alibaba.nacos.common.trace.event.naming.PushServiceTraceEvent] publishers for this event, please register

2022-09-16 06:06:53,235 WARN There are no [com.alibaba.nacos.common.trace.event.naming.SubscribeServiceTraceEvent] publishers for this event, please register

2022-09-16 06:06:53,876 WARN There are no [com.alibaba.nacos.common.trace.event.naming.PushServiceTraceEvent] publishers for this event, please register

2022-09-16 06:06:53,884 WARN There are no [com.alibaba.nacos.common.trace.event.naming.SubscribeServiceTraceEvent] publishers for this event, please register

2022-09-16 06:06:54,457 WARN There are no [com.alibaba.nacos.common.trace.event.naming.PushServiceTraceEvent] publishers for this event, please register

2022-09-16 06:09:35,964 WARN There are no [com.alibaba.nacos.common.trace.event.naming.UnsubscribeServiceTraceEvent] publishers for this event, please register

2022-09-16 06:09:35,987 WARN There are no [com.alibaba.nacos.common.trace.event.naming.DeregisterInstanceTraceEvent] publishers for this event, please register

2022-09-16 06:09:36,564 WARN There are no [com.alibaba.nacos.common.trace.event.naming.PushServiceTraceEvent] publishers for this event, please register

2022-09-16 06:10:07,669 WARN There are no [com.alibaba.nacos.common.trace.event.naming.SubscribeServiceTraceEvent] publishers for this event, please register

2022-09-16 06:10:07,786 WARN There are no [com.alibaba.nacos.common.trace.event.naming.RegisterInstanceTraceEvent] publishers for this event, please register

2022-09-16 06:10:08,182 WARN There are no [com.alibaba.nacos.common.trace.event.naming.PushServiceTraceEvent] publishers for this event, please register

2022-09-16 06:10:08,242 WARN There are no [com.alibaba.nacos.common.trace.event.naming.PushServiceTraceEvent] publishers for this event, please register

2022-09-16 06:10:48,244 WARN There are no [com.alibaba.nacos.common.trace.event.naming.SubscribeServiceTraceEvent] publishers for this event, please register

2022-09-16 06:10:48,790 WARN There are no [com.alibaba.nacos.common.trace.event.naming.PushServiceTraceEvent] publishers for this event, please register

2022-09-16 06:10:48,828 WARN There are no [com.alibaba.nacos.common.trace.event.naming.SubscribeServiceTraceEvent] publishers for this event, please register

2022-09-16 06:10:49,358 WARN There are no [com.alibaba.nacos.common.trace.event.naming.PushServiceTraceEvent] publishers for this event, please register

2022-09-16 06:19:02,296 WARN There are no [com.alibaba.nacos.common.trace.event.naming.UnsubscribeServiceTraceEvent] publishers for this event, please register

2022-09-16 06:19:02,344 WARN There are no [com.alibaba.nacos.common.trace.event.naming.DeregisterInstanceTraceEvent] publishers for this event, please register

2022-09-16 06:19:02,970 WARN There are no [com.alibaba.nacos.common.trace.event.naming.PushServiceTraceEvent] publishers for this event, please register

2022-09-16 06:19:40,667 WARN There are no [com.alibaba.nacos.common.trace.event.naming.SubscribeServiceTraceEvent] publishers for this event, please register

2022-09-16 06:19:40,802 WARN There are no [com.alibaba.nacos.common.trace.event.naming.RegisterInstanceTraceEvent] publishers for this event, please register

2022-09-16 06:19:41,227 WARN There are no [com.alibaba.nacos.common.trace.event.naming.PushServiceTraceEvent] publishers for this event, please register

2022-09-16 06:19:41,279 WARN There are no [com.alibaba.nacos.common.trace.event.naming.PushServiceTraceEvent] publishers for this event, please register

2022-09-16 06:20:38,970 WARN There are no [com.alibaba.nacos.common.trace.event.naming.SubscribeServiceTraceEvent] publishers for this event, please register

2022-09-16 06:20:39,543 WARN There are no [com.alibaba.nacos.common.trace.event.naming.PushServiceTraceEvent] publishers for this event, please register

2022-09-16 06:20:39,859 WARN There are no [com.alibaba.nacos.common.trace.event.naming.SubscribeServiceTraceEvent] publishers for this event, please register

2022-09-16 06:20:40,434 WARN There are no [com.alibaba.nacos.common.trace.event.naming.PushServiceTraceEvent] publishers for this event, please register

2022-09-16 06:21:46,567 WARN There are no [com.alibaba.nacos.common.trace.event.naming.DeregisterInstanceTraceEvent] publishers for this event, please register

2022-09-16 06:21:47,179 WARN There are no [com.alibaba.nacos.common.trace.event.naming.PushServiceTraceEvent] publishers for this event, please register

2022-09-16 06:24:55,530 WARN There are no [com.alibaba.nacos.common.trace.event.naming.UnsubscribeServiceTraceEvent] publishers for this event, please register

2022-09-16 06:24:55,553 WARN There are no [com.alibaba.nacos.common.trace.event.naming.DeregisterInstanceTraceEvent] publishers for this event, please register

2022-09-16 06:25:30,372 WARN There are no [com.alibaba.nacos.common.trace.event.naming.SubscribeServiceTraceEvent] publishers for this event, please register

2022-09-16 06:25:30,487 WARN There are no [com.alibaba.nacos.common.trace.event.naming.RegisterInstanceTraceEvent] publishers for this event, please register

2022-09-16 06:25:30,962 WARN There are no [com.alibaba.nacos.common.trace.event.naming.PushServiceTraceEvent] publishers for this event, please register

2022-09-16 06:25:30,997 WARN There are no [com.alibaba.nacos.common.trace.event.naming.PushServiceTraceEvent] publishers for this event, please register

2022-09-16 06:25:59,626 WARN There are no [com.alibaba.nacos.common.trace.event.naming.SubscribeServiceTraceEvent] publishers for this event, please register

2022-09-16 06:26:00,196 WARN There are no [com.alibaba.nacos.common.trace.event.naming.PushServiceTraceEvent] publishers for this event, please register

2022-09-16 06:26:00,341 WARN There are no [com.alibaba.nacos.common.trace.event.naming.SubscribeServiceTraceEvent] publishers for this event, please register

2022-09-16 06:26:00,881 WARN There are no [com.alibaba.nacos.common.trace.event.naming.PushServiceTraceEvent] publishers for this event, please register

2022-09-16 08:49:18,295 WARN There are no [com.alibaba.nacos.common.trace.event.naming.UnsubscribeServiceTraceEvent] publishers for this event, please register

2022-09-16 08:49:18,402 WARN There are no [com.alibaba.nacos.common.trace.event.naming.DeregisterInstanceTraceEvent] publishers for this event, please register

2022-09-16 08:49:19,047 WARN There are no [com.alibaba.nacos.common.trace.event.naming.PushServiceTraceEvent] publishers for this event, please register

2022-09-16 08:49:20,135 WARN There are no [com.alibaba.nacos.common.trace.event.naming.UnsubscribeServiceTraceEvent] publishers for this event, please register

2022-09-16 08:49:20,185 WARN There are no [com.alibaba.nacos.common.trace.event.naming.DeregisterInstanceTraceEvent] publishers for this event, please register

2022-09-16 08:49:25,866 WARN There are no [com.alibaba.nacos.common.trace.event.naming.UnsubscribeServiceTraceEvent] publishers for this event, please register

2022-09-16 08:49:26,140 WARN There are no [com.alibaba.nacos.common.trace.event.naming.DeregisterInstanceTraceEvent] publishers for this event, please register

2022-09-16 08:49:29,652 WARN There are no [com.alibaba.nacos.common.trace.event.naming.UnsubscribeServiceTraceEvent] publishers for this event, please register

2022-09-16 08:49:29,705 WARN There are no [com.alibaba.nacos.common.trace.event.naming.DeregisterInstanceTraceEvent] publishers for this event, please register

2022-09-16 08:49:30,387 WARN There are no [com.alibaba.nacos.common.trace.event.naming.PushServiceTraceEvent] publishers for this event, please register

2022-09-16 08:49:31,535 WARN There are no [com.alibaba.nacos.common.trace.event.naming.UnsubscribeServiceTraceEvent] publishers for this event, please register

2022-09-16 08:49:31,592 WARN There are no [com.alibaba.nacos.common.trace.event.naming.DeregisterInstanceTraceEvent] publishers for this event, please register

2022-09-16 08:49:32,972 WARN There are no [com.alibaba.nacos.common.trace.event.naming.PushServiceTraceEvent] publishers for this event, please register

2022-09-17 04:23:07,235 WARN There are no [com.alibaba.nacos.common.trace.event.naming.SubscribeServiceTraceEvent] publishers for this event, please register

2022-09-17 04:23:07,775 WARN There are no [com.alibaba.nacos.common.trace.event.naming.RegisterInstanceTraceEvent] publishers for this event, please register

2022-09-17 04:23:08,014 WARN There are no [com.alibaba.nacos.common.trace.event.naming.PushServiceTraceEvent] publishers for this event, please register

2022-09-17 04:23:34,934 WARN There are no [com.alibaba.nacos.common.trace.event.naming.SubscribeServiceTraceEvent] publishers for this event, please register

2022-09-17 04:23:35,198 WARN There are no [com.alibaba.nacos.common.trace.event.naming.RegisterInstanceTraceEvent] publishers for this event, please register

2022-09-17 04:23:35,664 WARN There are no [com.alibaba.nacos.common.trace.event.naming.PushServiceTraceEvent] publishers for this event, please register

